0 info it worked if it ends with ok
1 verbose cli [ '/Users/cprune/.brew/Cellar/node/7.1.0/bin/node',
1 verbose cli   '/Users/cprune/.brew/bin/npm',
1 verbose cli   'run',
1 verbose cli   'start' ]
2 info using npm@3.10.9
3 info using node@v7.1.0
4 verbose run-script [ 'prestart', 'start', 'poststart' ]
5 info lifecycle swag@1.0.0~prestart: swag@1.0.0
6 silly lifecycle swag@1.0.0~prestart: no script for prestart, continuing
7 info lifecycle swag@1.0.0~start: swag@1.0.0
8 verbose lifecycle swag@1.0.0~start: unsafe-perm in lifecycle true
9 verbose lifecycle swag@1.0.0~start: PATH: /Users/cprune/.brew/lib/node_modules/npm/bin/node-gyp-bin:/Users/cprune/Documents/express/swag/node_modules/.bin:/Users/cprune/.brew/Cellar/node/7.1.0/bin:/Users/cprune/.brew/bin:/usr/bin:/bin:/usr/sbin:/sbin:/usr/local/bin:/usr/local/munki
10 verbose lifecycle swag@1.0.0~start: CWD: /Users/cprune/Documents/express/swag
11 silly lifecycle swag@1.0.0~start: Args: [ '-c', 'node server.js' ]
12 silly lifecycle swag@1.0.0~start: Returned: code: 1  signal: null
13 info lifecycle swag@1.0.0~start: Failed to exec start script
14 verbose stack Error: swag@1.0.0 start: `node server.js`
14 verbose stack Exit status 1
14 verbose stack     at EventEmitter.<anonymous> (/Users/cprune/.brew/lib/node_modules/npm/lib/utils/lifecycle.js:255:16)
14 verbose stack     at emitTwo (events.js:106:13)
14 verbose stack     at EventEmitter.emit (events.js:191:7)
14 verbose stack     at ChildProcess.<anonymous> (/Users/cprune/.brew/lib/node_modules/npm/lib/utils/spawn.js:40:14)
14 verbose stack     at emitTwo (events.js:106:13)
14 verbose stack     at ChildProcess.emit (events.js:191:7)
14 verbose stack     at maybeClose (internal/child_process.js:885:16)
14 verbose stack     at Process.ChildProcess._handle.onexit (internal/child_process.js:226:5)
15 verbose pkgid swag@1.0.0
16 verbose cwd /Users/cprune/Documents/express/swag
17 error Darwin 15.6.0
18 error argv "/Users/cprune/.brew/Cellar/node/7.1.0/bin/node" "/Users/cprune/.brew/bin/npm" "run" "start"
19 error node v7.1.0
20 error npm  v3.10.9
21 error code ELIFECYCLE
22 error swag@1.0.0 start: `node server.js`
22 error Exit status 1
23 error Failed at the swag@1.0.0 start script 'node server.js'.
23 error Make sure you have the latest version of node.js and npm installed.
23 error If you do, this is most likely a problem with the swag package,
23 error not with npm itself.
23 error Tell the author that this fails on your system:
23 error     node server.js
23 error You can get information on how to open an issue for this project with:
23 error     npm bugs swag
23 error Or if that isn't available, you can get their info via:
23 error     npm owner ls swag
23 error There is likely additional logging output above.
24 verbose exit [ 1, true ]
